This is LuaTeX, Version 0.95.0 (TeX Live 2016)  (format=lualatex 2016.5.22)  1 AUG 2019 15:32
 restricted system commands enabled.
**publications.tex
(./publications.tex
LaTeX2e <2016/03/31>
Babel <3.9r> and hyphenation patterns for 1 language(s) loaded.
! Undefined control sequence.
l.4 \cvsection
            {Publications}
The control sequence at the end of the top line
of your error message was never \def'ed. If you have
misspelled it (e.g., `\hobx'), type `I' and the correct
spelling (e.g., `I\hbox'). Otherwise just continue,
and I'll forget about whatever was undefined.


! LaTeX Error: Missing \begin{document}.

See the LaTeX manual or LaTeX Companion for explanation.
Type  H <return>  for immediate help.
 ...                                              
                                                  
l.4 \cvsection{P
              ublications}
You're in trouble here.  Try typing  <return>  to proceed.
If that doesn't work, type  X <return>  to quit.


Overfull \hbox (20.0pt too wide) in paragraph at lines 4--5
[]Publications 
 []


! LaTeX Error: Environment cventries undefined.

See the LaTeX manual or LaTeX Companion for explanation.
Type  H <return>  for immediate help.
 ...                                              
                                                  
l.10 \begin{cventries}
                    
Your command was ignored.
Type  I <command> <return>  to replace it with another command,
or  <return>  to continue without it.

! Undefined control sequence.
l.13   \cventrypub
                
The control sequence at the end of the top line
of your error message was never \def'ed. If you have
misspelled it (e.g., `\hobx'), type `I' and the correct
spelling (e.g., `I\hbox'). Otherwise just continue,
and I'll forget about whatever was undefined.


! LaTeX Error: Missing \begin{document}.

See the LaTeX manual or LaTeX Companion for explanation.
Type  H <return>  for immediate help.
 ...                                              
                                                  
l.14     {J
         . Cassidy*, \emph{Sebastian Bernasek}*, R. Bakker, R. Giri, N. Pel\...
You're in trouble here.  Try typing  <return>  to proceed.
If that doesn't work, type  X <return>  to quit.

LaTeX Font Info:    Try loading font information for +cmr on input line 14.
LaTeX Font Info:    No file cmr.fd. on input line 14.

LaTeX Font Warning: Font shape `/cmr/m/n' undefined
(Font)              using `/cmr/m/n' instead on input line 14.

! Corrupted NFSS tables.
wrong@fontshape ...message {Corrupted NFSS tables}
                                                  error@fontshape else let f...
l.14 ... Bernasek}*, R. Bakker, R. Giri, N. Pel\'{a}
                                                  ez, B. Eder, A. Bobrowska,...
This error message was generated by an \errmessage
command, so I can't give any explicit help.
Pretend that you're Hercule Poirot: Examine all clues,
and deduce the truth by order and method.


LaTeX Font Warning: Font shape `/cmr/m/n' undefined
(Font)              using `OT1/cmr/m/n' instead on input line 14.

! Undefined control sequence.
l.15     {\hyperlink
                  {https://doi.org/10.1016/j.cell.2019.06.023}{Repressive ge...
The control sequence at the end of the top line
of your error message was never \def'ed. If you have
misspelled it (e.g., `\hobx'), type `I' and the correct
spelling (e.g., `I\hbox'). Otherwise just continue,
and I'll forget about whatever was undefined.


Overfull \hbox (20.0pt too wide) in paragraph at lines 14--19
[]J.
 []


Overfull \hbox (13.7999pt too wide) in paragraph at lines 14--19
\OT1/cmr/m/it/10 Se-
 []


Overfull \hbox (16.86653pt too wide) in paragraph at lines 14--19
\OT1/cmr/m/it/10 bas-
 []


Overfull \hbox (17.12212pt too wide) in paragraph at lines 14--19
\OT1/cmr/m/it/10 tian
 []


Overfull \hbox (40.95387pt too wide) in paragraph at lines 14--19
\OT1/cmr/m/it/10 Bernasek\nullfont *,
 []


Overfull \hbox (10.00003pt too wide) in paragraph at lines 14--19
Pel\OT1/cmr/m/n/10 \/cmr/m/n/10 a\nullfont ez,
 []


Overfull \hbox (17.37766pt too wide) in paragraph at lines 14--19
\OT1/cmr/m/it/10 Cell
 []

! Undefined control sequence.
l.20   \cventrypub
                
The control sequence at the end of the top line
of your error message was never \def'ed. If you have
misspelled it (e.g., `\hobx'), type `I' and the correct
spelling (e.g., `I\hbox'). Otherwise just continue,
and I'll forget about whatever was undefined.


! LaTeX Error: Missing \begin{document}.

See the LaTeX manual or LaTeX Companion for explanation.
Type  H <return>  for immediate help.
 ...                                              
                                                  
l.21     {\emph{Sebastian Bernasek}
                                 *, J.F. Lachance*, N. Pel\'{a}ez*, R. Bakke...
You're in trouble here.  Try typing  <return>  to proceed.
If that doesn't work, type  X <return>  to quit.


Overfull \hbox (33.7999pt too wide) in paragraph at lines 21--26
[]\OT1/cmr/m/it/10 Se-
 []


Overfull \hbox (16.86653pt too wide) in paragraph at lines 21--26
\OT1/cmr/m/it/10 bas-
 []


Overfull \hbox (17.12212pt too wide) in paragraph at lines 21--26
\OT1/cmr/m/it/10 tian
 []


Overfull \hbox (40.95387pt too wide) in paragraph at lines 21--26
\OT1/cmr/m/it/10 Bernasek\nullfont *,
 []


Overfull \hbox (5.00002pt too wide) in paragraph at lines 21--26
Pel\OT1/cmr/m/n/10 \/cmr/m/n/10 a\nullfont ez*,
 []


Overfull \hbox (16.63322pt too wide) in paragraph at lines 21--26
\OT1/cmr/m/it/10 Un-
 []


Overfull \hbox (13.92767pt too wide) in paragraph at lines 21--26
\OT1/cmr/m/it/10 der
 []


Overfull \hbox (14.96098pt too wide) in paragraph at lines 21--26
\OT1/cmr/m/it/10 Re-
 []


Overfull \hbox (18.91098pt too wide) in paragraph at lines 21--26
\OT1/cmr/m/it/10 view
 []

! Undefined control sequence.
l.27   \cventrypub
                
The control sequence at the end of the top line
of your error message was never \def'ed. If you have
misspelled it (e.g., `\hobx'), type `I' and the correct
spelling (e.g., `I\hbox'). Otherwise just continue,
and I'll forget about whatever was undefined.


! LaTeX Error: Missing \begin{document}.

See the LaTeX manual or LaTeX Companion for explanation.
Type  H <return>  for immediate help.
 ...                                              
                                                  
l.28     {\emph{Sebastian Bernasek}
                                 , N. Pel\'{a}ez, R. Carthew, N. Bagheri, L....
You're in trouble here.  Try typing  <return>  to proceed.
If that doesn't work, type  X <return>  to quit.


Overfull \hbox (33.7999pt too wide) in paragraph at lines 28--32
[]\OT1/cmr/m/it/10 Se-
 []


Overfull \hbox (16.86653pt too wide) in paragraph at lines 28--32
\OT1/cmr/m/it/10 bas-
 []


Overfull \hbox (17.12212pt too wide) in paragraph at lines 28--32
\OT1/cmr/m/it/10 tian
 []


Overfull \hbox (39.8775pt too wide) in paragraph at lines 28--32
\OT1/cmr/m/it/10 Bernasek\nullfont ,
 []


Overfull \hbox (5.00002pt too wide) in paragraph at lines 28--32
Pel\OT1/cmr/m/n/10 \/cmr/m/n/10 a\nullfont ez,
 []


Overfull \hbox (9.47772pt too wide) in paragraph at lines 28--32
\OT1/cmr/m/it/10 In
 []


Overfull \hbox (28.37755pt too wide) in paragraph at lines 28--32
\OT1/cmr/m/it/10 Prepa-
 []


Overfull \hbox (12.39433pt too wide) in paragraph at lines 28--32
\OT1/cmr/m/it/10 ra-
 []


Overfull \hbox (17.12212pt too wide) in paragraph at lines 28--32
\OT1/cmr/m/it/10 tion
 []

! Undefined control sequence.
l.34   \cventrypub
                
The control sequence at the end of the top line
of your error message was never \def'ed. If you have
misspelled it (e.g., `\hobx'), type `I' and the correct
spelling (e.g., `I\hbox'). Otherwise just continue,
and I'll forget about whatever was undefined.


! LaTeX Error: Missing \begin{document}.

See the LaTeX manual or LaTeX Companion for explanation.
Type  H <return>  for immediate help.
 ...                                              
                                                  
l.35     {J
         . Frostad, M. Seth, \emph{Sebastian Bernasek}, L.G. Leal}
You're in trouble here.  Try typing  <return>  to proceed.
If that doesn't work, type  X <return>  to quit.


Overfull \hbox (20.0pt too wide) in paragraph at lines 35--39
[]J.
 []


Overfull \hbox (13.7999pt too wide) in paragraph at lines 35--39
\OT1/cmr/m/it/10 Se-
 []


Overfull \hbox (16.86653pt too wide) in paragraph at lines 35--39
\OT1/cmr/m/it/10 bas-
 []


Overfull \hbox (17.12212pt too wide) in paragraph at lines 35--39
\OT1/cmr/m/it/10 tian
 []


Overfull \hbox (39.8775pt too wide) in paragraph at lines 35--39
\OT1/cmr/m/it/10 Bernasek\nullfont ,
 []


Overfull \hbox (17.12212pt too wide) in paragraph at lines 35--39
\OT1/cmr/m/it/10 Soft
 []


Overfull \hbox (20.97763pt too wide) in paragraph at lines 35--39
\OT1/cmr/m/it/10 Mat-
 []


Overfull \hbox (12.13878pt too wide) in paragraph at lines 35--39
\OT1/cmr/m/it/10 ter
 []


! LaTeX Error: \begin{document} ended by \end{cventries}.

See the LaTeX manual or LaTeX Companion for explanation.
Type  H <return>  for immediate help.
 ...                                              
                                                  
l.42 \end{cventries}
                  
Your command was ignored.
Type  I <command> <return>  to replace it with another command,
or  <return>  to continue without it.

)
! Emergency stop.
<*> publications.tex
                 
*** (job aborted, no legal \end found)



Here is how much of LuaTeX's memory you used:
 25 strings out of 495119
 100000,89155 words of node,token memory allocated 6788 words of node memory still in use:
   52 hlist, 13 disc, 5 local_par, 1 dir, 183 glue, 19 kern, 24 penalty, 745 gly
ph, 32 glue_spec nodes
   avail lists: 2:12,3:1,4:24,5:2,7:26,8:1,10:23
 3683 multiletter control sequences out of 65536+600000
 17 fonts using 715439 bytes
 16i,1n,16p,164b,97s stack positions out of 5000i,500n,10000p,200000b,100000s
!  ==> Fatal error occurred, no output PDF file produced!
