This is LuaTeX, Version 0.95.0 (TeX Live 2016)  (format=lualatex 2016.5.22)  5 JUN 2020 13:49
 restricted system commands enabled.
**summary.tex
(./summary.tex
LaTeX2e <2016/03/31>
Babel <3.9r> and hyphenation patterns for 1 language(s) loaded.
! Undefined control sequence.
l.4 \cvsection
            {Summary}
The control sequence at the end of the top line
of your error message was never \def'ed. If you have
misspelled it (e.g., `\hobx'), type `I' and the correct
spelling (e.g., `I\hbox'). Otherwise just continue,
and I'll forget about whatever was undefined.


! LaTeX Error: Missing \begin{document}.

See the LaTeX manual or LaTeX Companion for explanation.
Type  H <return>  for immediate help.
 ...                                              
                                                  
l.4 \cvsection{S
              ummary}
You're in trouble here.  Try typing  <return>  to proceed.
If that doesn't work, type  X <return>  to quit.


Overfull \hbox (20.0pt too wide) in paragraph at lines 4--5
[]Summary 
 []


! LaTeX Error: Environment cvparagraph undefined.

See the LaTeX manual or LaTeX Companion for explanation.
Type  H <return>  for immediate help.
 ...                                              
                                                  
l.10 \begin{cvparagraph}
                      
Your command was ignored.
Type  I <command> <return>  to replace it with another command,
or  <return>  to continue without it.


! LaTeX Error: Missing \begin{document}.

See the LaTeX manual or LaTeX Companion for explanation.
Type  H <return>  for immediate help.
 ...                                              
                                                  
l.14 C
    hemical engineer turned data scientist with 5 years of research experien...
You're in trouble here.  Try typing  <return>  to proceed.
If that doesn't work, type  X <return>  to quit.


Overfull \hbox (20.0pt too wide) in paragraph at lines 14--15
[]Chemical
 []


! LaTeX Error: \begin{document} ended by \end{cvparagraph}.

See the LaTeX manual or LaTeX Companion for explanation.
Type  H <return>  for immediate help.
 ...                                              
                                                  
l.16 \end{cvparagraph}
                    
Your command was ignored.
Type  I <command> <return>  to replace it with another command,
or  <return>  to continue without it.

)
! Emergency stop.
<*> summary.tex
            
*** (job aborted, no legal \end found)



Here is how much of LuaTeX's memory you used:
 9 strings out of 495119
 100000,89155 words of node,token memory allocated 1182 words of node memory still in use:
   5 hlist, 2 local_par, 1 dir, 29 glue, 3 penalty, 114 glyph, 32 glue_spec node
s
   avail lists: 2:12,3:1,4:19,5:1,7:21,10:18
 3674 multiletter control sequences out of 65536+600000
 14 fonts using 591559 bytes
 6i,0n,6p,139b,19s stack positions out of 5000i,500n,10000p,200000b,100000s
!  ==> Fatal error occurred, no output PDF file produced!
